[ 2019-04-23T15:52:51+08:00 ] 122.206.190.96 /xcx/home/index/upload
INFO: [ app_init ] --START--
INFO: Run Behavior\BuildLiteBehavior [ RunTime:0.000064s ]
INFO: [ app_init ] --END-- [ RunTime:0.002695s ]
INFO: [ app_begin ] --START--
INFO: Run Behavior\ReadHtmlCacheBehavior [ RunTime:0.001928s ]
INFO: [ app_begin ] --END-- [ RunTime:0.002273s ]
NOTIC: [2] fwrite() expects parameter 2 to be string, array given C:\wamp\www\xcx\Application\Home\Controller\IndexController.class.php 第 183 行.
NOTIC: [2] call_user_func() expects parameter 1 to be a valid callback, no array or string given C:\wamp\www\ThinkPHP\Library\Think\Upload.class.php 第 170 行.
NOTIC: [8] Use of undefined constant data - assumed 'data' C:\wamp\www\xcx\Application\Home\Controller\OcrController.class.php 第 20 行.
NOTIC: [8] Use of undefined constant items - assumed 'items' C:\wamp\www\xcx\Application\Home\Controller\OcrController.class.php 第 20 行.
NOTIC: [8] Undefined variable: txt C:\wamp\www\xcx\Application\Home\Controller\OcrController.class.php 第 27 行.
INFO: [ app_end ] --START--
INFO: Run Behavior\ShowPageTraceBehavior [ RunTime:0.002050s ]
INFO: [ app_end ] --END-- [ RunTime:0.002375s ]

[ 2019-04-23T16:27:59+08:00 ] 122.206.190.96 /xcx/home/index/toshow?date=%5B%7B%22name%22%3A%22img%22%2C%22attrs%22%3A%7B%22class%22%3A%22xing-img%22%2C%22style%22%3A%22width%3A%20100%25%22%2C%22src%22%3A%22http%3A%2F%2Ftmp%2Fwxe414a8d62204cc8b.o6zAJs98pZXjv64FHwUFjnATdHS0.1xw2Xl0b3lFeca6f50033525450f4b7d373873ba6fdb.jpg%22%2C%22_height%22%3A0.906%7D%7D%2C%7B%22name%22%3A%22img%22%2C%22attrs%22%3A%7B%22class%22%3A%22xing-img%22%2C%22style%22%3A%22width%3A%20100%25%22%2C%22src%22%3A%22http%3A%2F%2Ftmp%2Fwxe414a8d62204cc8b.o6zAJs98pZXjv64FHwUFjnATdHS0.xSEvDMI63BI35082b6b22683ed6da48c3b962f9421b7.png%22%2C%22_height%22%3A1%7D%7D%5D
INFO: [ app_init ] --START--
INFO: Run Behavior\BuildLiteBehavior [ RunTime:0.000061s ]
INFO: [ app_init ] --END-- [ RunTime:0.000622s ]
INFO: [ app_begin ] --START--
INFO: Run Behavior\ReadHtmlCacheBehavior [ RunTime:0.000610s ]
INFO: [ app_begin ] --END-- [ RunTime:0.000817s ]
NOTIC: [8] Undefined index: name C:\wamp\www\ThinkPHP\Library\Think\Upload.class.php 第 230 行.
NOTIC: [8] Undefined index: name C:\wamp\www\ThinkPHP\Library\Think\Upload.class.php 第 148 行.
NOTIC: [8] Undefined index: tmp_name C:\wamp\www\ThinkPHP\Library\Think\Upload.class.php 第 152 行.
NOTIC: [2] finfo_file(): Empty filename or path C:\wamp\www\ThinkPHP\Library\Think\Upload.class.php 第 152 行.
NOTIC: [8] Undefined index: error C:\wamp\www\ThinkPHP\Library\Think\Upload.class.php 第 269 行.
NOTIC: [8] Undefined index: tmp_name C:\wamp\www\ThinkPHP\Library\Think\Upload.class.php 第 280 行.
NOTIC: [8] Undefined index: name C:\wamp\www\ThinkPHP\Library\Think\Upload.class.php 第 230 行.
NOTIC: [8] Undefined index: name C:\wamp\www\ThinkPHP\Library\Think\Upload.class.php 第 148 行.
NOTIC: [8] Undefined index: tmp_name C:\wamp\www\ThinkPHP\Library\Think\Upload.class.php 第 152 行.
NOTIC: [2] finfo_file(): Empty filename or path C:\wamp\www\ThinkPHP\Library\Think\Upload.class.php 第 152 行.
NOTIC: [8] Undefined index: error C:\wamp\www\ThinkPHP\Library\Think\Upload.class.php 第 269 行.
NOTIC: [8] Undefined index: tmp_name C:\wamp\www\ThinkPHP\Library\Think\Upload.class.php 第 280 行.
INFO: [ app_end ] --START--
INFO: Run Behavior\ShowPageTraceBehavior [ RunTime:0.000763s ]
INFO: [ app_end ] --END-- [ RunTime:0.000963s ]

[ 2019-04-23T16:35:59+08:00 ] 122.206.190.96 /xcx/home/index/toshow?date=%5B%7B%22name%22%3A%22img%22%2C%22attrs%22%3A%7B%22class%22%3A%22xing-img%22%2C%22style%22%3A%22width%3A%20100%25%22%2C%22src%22%3A%22http%3A%2F%2Ftmp%2Fwxe414a8d62204cc8b.o6zAJs98pZXjv64FHwUFjnATdHS0.sYt9VlRTODcQca6f50033525450f4b7d373873ba6fdb.jpg%22%2C%22_height%22%3A0.906%7D%7D%5D
INFO: [ app_init ] --START--
INFO: Run Behavior\BuildLiteBehavior [ RunTime:0.000042s ]
INFO: [ app_init ] --END-- [ RunTime:0.000555s ]
INFO: [ app_begin ] --START--
INFO: Run Behavior\ReadHtmlCacheBehavior [ RunTime:0.000655s ]
INFO: [ app_begin ] --END-- [ RunTime:0.000862s ]
NOTIC: [8] Undefined index: name C:\wamp\www\ThinkPHP\Library\Think\Upload.class.php 第 230 行.
NOTIC: [8] Undefined index: name C:\wamp\www\ThinkPHP\Library\Think\Upload.class.php 第 148 行.
NOTIC: [8] Undefined index: tmp_name C:\wamp\www\ThinkPHP\Library\Think\Upload.class.php 第 152 行.
NOTIC: [2] finfo_file(): Empty filename or path C:\wamp\www\ThinkPHP\Library\Think\Upload.class.php 第 152 行.
NOTIC: [8] Undefined index: error C:\wamp\www\ThinkPHP\Library\Think\Upload.class.php 第 269 行.
NOTIC: [8] Undefined index: tmp_name C:\wamp\www\ThinkPHP\Library\Think\Upload.class.php 第 280 行.
INFO: [ app_end ] --START--
INFO: Run Behavior\ShowPageTraceBehavior [ RunTime:0.000815s ]
INFO: [ app_end ] --END-- [ RunTime:0.001109s ]

[ 2019-04-23T16:36:22+08:00 ] 122.206.190.96 /xcx/home/index/toshow?date=%5B%7B%22name%22%3A%22img%22%2C%22attrs%22%3A%7B%22class%22%3A%22xing-img%22%2C%22style%22%3A%22width%3A%20100%25%22%2C%22src%22%3A%22http%3A%2F%2Ftmp%2Fwxe414a8d62204cc8b.o6zAJs98pZXjv64FHwUFjnATdHS0.oEi4GrmFsv4Aace0af05733c8910c6b43efbe051c2de.jpg%22%2C%22_height%22%3A1%7D%7D%2C%7B%22name%22%3A%22img%22%2C%22attrs%22%3A%7B%22class%22%3A%22xing-img%22%2C%22style%22%3A%22width%3A%20100%25%22%2C%22src%22%3A%22http%3A%2F%2Ftmp%2Fwxe414a8d62204cc8b.o6zAJs98pZXjv64FHwUFjnATdHS0.tB1c2cXv3970ca6f50033525450f4b7d373873ba6fdb.jpg%22%2C%22_height%22%3A0.906%7D%7D%5D
INFO: [ app_init ] --START--
INFO: Run Behavior\BuildLiteBehavior [ RunTime:0.000068s ]
INFO: [ app_init ] --END-- [ RunTime:0.000850s ]
INFO: [ app_begin ] --START--
INFO: Run Behavior\ReadHtmlCacheBehavior [ RunTime:0.000945s ]
INFO: [ app_begin ] --END-- [ RunTime:0.001271s ]
NOTIC: [8] Undefined index: name C:\wamp\www\ThinkPHP\Library\Think\Upload.class.php 第 230 行.
NOTIC: [8] Undefined index: name C:\wamp\www\ThinkPHP\Library\Think\Upload.class.php 第 148 行.
NOTIC: [8] Undefined index: tmp_name C:\wamp\www\ThinkPHP\Library\Think\Upload.class.php 第 152 行.
NOTIC: [2] finfo_file(): Empty filename or path C:\wamp\www\ThinkPHP\Library\Think\Upload.class.php 第 152 行.
NOTIC: [8] Undefined index: error C:\wamp\www\ThinkPHP\Library\Think\Upload.class.php 第 269 行.
NOTIC: [8] Undefined index: tmp_name C:\wamp\www\ThinkPHP\Library\Think\Upload.class.php 第 280 行.
NOTIC: [8] Undefined index: name C:\wamp\www\ThinkPHP\Library\Think\Upload.class.php 第 230 行.
NOTIC: [8] Undefined index: name C:\wamp\www\ThinkPHP\Library\Think\Upload.class.php 第 148 行.
NOTIC: [8] Undefined index: tmp_name C:\wamp\www\ThinkPHP\Library\Think\Upload.class.php 第 152 行.
NOTIC: [2] finfo_file(): Empty filename or path C:\wamp\www\ThinkPHP\Library\Think\Upload.class.php 第 152 行.
NOTIC: [8] Undefined index: error C:\wamp\www\ThinkPHP\Library\Think\Upload.class.php 第 269 行.
NOTIC: [8] Undefined index: tmp_name C:\wamp\www\ThinkPHP\Library\Think\Upload.class.php 第 280 行.
INFO: [ app_end ] --START--
INFO: Run Behavior\ShowPageTraceBehavior [ RunTime:0.000833s ]
INFO: [ app_end ] --END-- [ RunTime:0.001145s ]

[ 2019-04-23T16:38:04+08:00 ] 122.206.190.96 /xcx/home/index/toshow?date=%5B%7B%22name%22%3A%22img%22%2C%22attrs%22%3A%7B%22class%22%3A%22xing-img%22%2C%22style%22%3A%22width%3A%20100%25%22%2C%22src%22%3A%22http%3A%2F%2Ftmp%2Fwxe414a8d62204cc8b.o6zAJs98pZXjv64FHwUFjnATdHS0.ejegDozKfTJ6ca6f50033525450f4b7d373873ba6fdb.jpg%22%2C%22_height%22%3A0.906%7D%7D%2C%7B%22name%22%3A%22img%22%2C%22attrs%22%3A%7B%22class%22%3A%22xing-img%22%2C%22style%22%3A%22width%3A%20100%25%22%2C%22src%22%3A%22http%3A%2F%2Ftmp%2Fwxe414a8d62204cc8b.o6zAJs98pZXjv64FHwUFjnATdHS0.yiHCHbbXsliIace0af05733c8910c6b43efbe051c2de.jpg%22%2C%22_height%22%3A1%7D%7D%5D
INFO: [ app_init ] --START--
INFO: Run Behavior\BuildLiteBehavior [ RunTime:0.000067s ]
INFO: [ app_init ] --END-- [ RunTime:0.000799s ]
INFO: [ app_begin ] --START--
INFO: Run Behavior\ReadHtmlCacheBehavior [ RunTime:0.000886s ]
INFO: [ app_begin ] --END-- [ RunTime:0.001252s ]
NOTIC: [8] Undefined index: name C:\wamp\www\ThinkPHP\Library\Think\Upload.class.php 第 230 行.
NOTIC: [8] Undefined index: name C:\wamp\www\ThinkPHP\Library\Think\Upload.class.php 第 148 行.
NOTIC: [8] Undefined index: tmp_name C:\wamp\www\ThinkPHP\Library\Think\Upload.class.php 第 152 行.
NOTIC: [2] finfo_file(): Empty filename or path C:\wamp\www\ThinkPHP\Library\Think\Upload.class.php 第 152 行.
NOTIC: [8] Undefined index: error C:\wamp\www\ThinkPHP\Library\Think\Upload.class.php 第 269 行.
NOTIC: [8] Undefined index: tmp_name C:\wamp\www\ThinkPHP\Library\Think\Upload.class.php 第 280 行.
NOTIC: [8] Undefined index: name C:\wamp\www\ThinkPHP\Library\Think\Upload.class.php 第 230 行.
NOTIC: [8] Undefined index: name C:\wamp\www\ThinkPHP\Library\Think\Upload.class.php 第 148 行.
NOTIC: [8] Undefined index: tmp_name C:\wamp\www\ThinkPHP\Library\Think\Upload.class.php 第 152 行.
NOTIC: [2] finfo_file(): Empty filename or path C:\wamp\www\ThinkPHP\Library\Think\Upload.class.php 第 152 行.
NOTIC: [8] Undefined index: error C:\wamp\www\ThinkPHP\Library\Think\Upload.class.php 第 269 行.
NOTIC: [8] Undefined index: tmp_name C:\wamp\www\ThinkPHP\Library\Think\Upload.class.php 第 280 行.
INFO: [ app_end ] --START--
INFO: Run Behavior\ShowPageTraceBehavior [ RunTime:0.000895s ]
INFO: [ app_end ] --END-- [ RunTime:0.001195s ]

[ 2019-04-23T16:40:51+08:00 ] 122.206.190.96 /xcx/home/index/toshow?date=%5B%7B%22name%22%3A%22img%22%2C%22attrs%22%3A%7B%22class%22%3A%22xing-img%22%2C%22style%22%3A%22width%3A%20100%25%22%2C%22src%22%3A%22http%3A%2F%2Ftmp%2Fwxe414a8d62204cc8b.o6zAJs98pZXjv64FHwUFjnATdHS0.hJEkGcJqAs4Xca6f50033525450f4b7d373873ba6fdb.jpg%22%2C%22_height%22%3A0.906%7D%7D%2C%7B%22name%22%3A%22img%22%2C%22attrs%22%3A%7B%22class%22%3A%22xing-img%22%2C%22style%22%3A%22width%3A%20100%25%22%2C%22src%22%3A%22http%3A%2F%2Ftmp%2Fwxe414a8d62204cc8b.o6zAJs98pZXjv64FHwUFjnATdHS0.goe1vW9h7whl5082b6b22683ed6da48c3b962f9421b7.png%22%2C%22_height%22%3A1%7D%7D%5D
INFO: [ app_init ] --START--
INFO: Run Behavior\BuildLiteBehavior [ RunTime:0.000065s ]
INFO: [ app_init ] --END-- [ RunTime:0.000989s ]
INFO: [ app_begin ] --START--
INFO: Run Behavior\ReadHtmlCacheBehavior [ RunTime:0.001006s ]
INFO: [ app_begin ] --END-- [ RunTime:0.001343s ]
NOTIC: [8] Undefined index: name C:\wamp\www\ThinkPHP\Library\Think\Upload.class.php 第 230 行.
NOTIC: [8] Undefined index: name C:\wamp\www\ThinkPHP\Library\Think\Upload.class.php 第 148 行.
NOTIC: [8] Undefined index: tmp_name C:\wamp\www\ThinkPHP\Library\Think\Upload.class.php 第 152 行.
NOTIC: [2] finfo_file(): Empty filename or path C:\wamp\www\ThinkPHP\Library\Think\Upload.class.php 第 152 行.
NOTIC: [8] Undefined index: error C:\wamp\www\ThinkPHP\Library\Think\Upload.class.php 第 269 行.
NOTIC: [8] Undefined index: tmp_name C:\wamp\www\ThinkPHP\Library\Think\Upload.class.php 第 280 行.
NOTIC: [8] Undefined index: name C:\wamp\www\ThinkPHP\Library\Think\Upload.class.php 第 230 行.
NOTIC: [8] Undefined index: name C:\wamp\www\ThinkPHP\Library\Think\Upload.class.php 第 148 行.
NOTIC: [8] Undefined index: tmp_name C:\wamp\www\ThinkPHP\Library\Think\Upload.class.php 第 152 行.
NOTIC: [2] finfo_file(): Empty filename or path C:\wamp\www\ThinkPHP\Library\Think\Upload.class.php 第 152 行.
NOTIC: [8] Undefined index: error C:\wamp\www\ThinkPHP\Library\Think\Upload.class.php 第 269 行.
NOTIC: [8] Undefined index: tmp_name C:\wamp\www\ThinkPHP\Library\Think\Upload.class.php 第 280 行.
INFO: [ app_end ] --START--
INFO: Run Behavior\ShowPageTraceBehavior [ RunTime:0.000992s ]
INFO: [ app_end ] --END-- [ RunTime:0.001388s ]

[ 2019-04-23T17:12:03+08:00 ] 122.206.190.96 /xcx/home/index/uploadimg
INFO: [ app_init ] --START--
INFO: Run Behavior\BuildLiteBehavior [ RunTime:0.000047s ]
INFO: [ app_init ] --END-- [ RunTime:0.000670s ]
INFO: [ app_begin ] --START--
INFO: Run Behavior\ReadHtmlCacheBehavior [ RunTime:0.000631s ]
INFO: [ app_begin ] --END-- [ RunTime:0.000923s ]
NOTIC: [2] call_user_func() expects parameter 1 to be a valid callback, no array or string given C:\wamp\www\ThinkPHP\Library\Think\Upload.class.php 第 170 行.
INFO: [ app_end ] --START--
INFO: Run Behavior\ShowPageTraceBehavior [ RunTime:0.000870s ]
INFO: [ app_end ] --END-- [ RunTime:0.001142s ]

[ 2019-04-23T17:12:05+08:00 ] 122.206.190.96 /xcx/home/index/uploadimg
INFO: [ app_init ] --START--
INFO: Run Behavior\BuildLiteBehavior [ RunTime:0.000060s ]
INFO: [ app_init ] --END-- [ RunTime:0.000712s ]
INFO: [ app_begin ] --START--
INFO: Run Behavior\ReadHtmlCacheBehavior [ RunTime:0.000652s ]
INFO: [ app_begin ] --END-- [ RunTime:0.000855s ]
NOTIC: [2] call_user_func() expects parameter 1 to be a valid callback, no array or string given C:\wamp\www\ThinkPHP\Library\Think\Upload.class.php 第 170 行.
INFO: [ app_end ] --START--
INFO: Run Behavior\ShowPageTraceBehavior [ RunTime:0.000868s ]
INFO: [ app_end ] --END-- [ RunTime:0.001188s ]

[ 2019-04-23T17:13:41+08:00 ] 122.206.190.96 /xcx/home/index/uploadimg
INFO: [ app_init ] --START--
INFO: Run Behavior\BuildLiteBehavior [ RunTime:0.000046s ]
INFO: [ app_init ] --END-- [ RunTime:0.000695s ]
INFO: [ app_begin ] --START--
INFO: Run Behavior\ReadHtmlCacheBehavior [ RunTime:0.000757s ]
INFO: [ app_begin ] --END-- [ RunTime:0.001103s ]
NOTIC: [2] call_user_func() expects parameter 1 to be a valid callback, no array or string given C:\wamp\www\ThinkPHP\Library\Think\Upload.class.php 第 170 行.
INFO: [ app_end ] --START--
INFO: Run Behavior\ShowPageTraceBehavior [ RunTime:0.000688s ]
INFO: [ app_end ] --END-- [ RunTime:0.000944s ]

[ 2019-04-23T17:13:41+08:00 ] 122.206.190.96 /xcx/home/index/uploadimg
INFO: [ app_init ] --START--
INFO: Run Behavior\BuildLiteBehavior [ RunTime:0.000063s ]
INFO: [ app_init ] --END-- [ RunTime:0.000840s ]
INFO: [ app_begin ] --START--
INFO: Run Behavior\ReadHtmlCacheBehavior [ RunTime:0.000829s ]
INFO: [ app_begin ] --END-- [ RunTime:0.001134s ]
NOTIC: [2] call_user_func() expects parameter 1 to be a valid callback, no array or string given C:\wamp\www\ThinkPHP\Library\Think\Upload.class.php 第 170 行.
INFO: [ app_end ] --START--
INFO: Run Behavior\ShowPageTraceBehavior [ RunTime:0.000777s ]
INFO: [ app_end ] --END-- [ RunTime:0.001093s ]

[ 2019-04-23T17:16:53+08:00 ] 122.206.190.96 /xcx/home/index/uploadimg
INFO: [ app_init ] --START--
INFO: Run Behavior\BuildLiteBehavior [ RunTime:0.000054s ]
INFO: [ app_init ] --END-- [ RunTime:0.000597s ]
INFO: [ app_begin ] --START--
INFO: Run Behavior\ReadHtmlCacheBehavior [ RunTime:0.000655s ]
INFO: [ app_begin ] --END-- [ RunTime:0.000922s ]
NOTIC: [2] call_user_func() expects parameter 1 to be a valid callback, no array or string given C:\wamp\www\ThinkPHP\Library\Think\Upload.class.php 第 170 行.
INFO: [ app_end ] --START--
INFO: Run Behavior\ShowPageTraceBehavior [ RunTime:0.000892s ]
INFO: [ app_end ] --END-- [ RunTime:0.001264s ]

[ 2019-04-23T17:16:53+08:00 ] 122.206.190.96 /xcx/home/index/uploadimg
INFO: [ app_init ] --START--
INFO: Run Behavior\BuildLiteBehavior [ RunTime:0.000050s ]
INFO: [ app_init ] --END-- [ RunTime:0.000595s ]
INFO: [ app_begin ] --START--
INFO: Run Behavior\ReadHtmlCacheBehavior [ RunTime:0.000705s ]
INFO: [ app_begin ] --END-- [ RunTime:0.000936s ]
NOTIC: [2] call_user_func() expects parameter 1 to be a valid callback, no array or string given C:\wamp\www\ThinkPHP\Library\Think\Upload.class.php 第 170 行.
INFO: [ app_end ] --START--
INFO: Run Behavior\ShowPageTraceBehavior [ RunTime:0.000676s ]
INFO: [ app_end ] --END-- [ RunTime:0.000910s ]

[ 2019-04-23T23:06:53+08:00 ] 122.206.190.96 /xcx/home/index/upload
INFO: [ app_init ] --START--
INFO: Run Behavior\BuildLiteBehavior [ RunTime:0.000044s ]
INFO: [ app_init ] --END-- [ RunTime:0.000613s ]
INFO: [ app_begin ] --START--
INFO: Run Behavior\ReadHtmlCacheBehavior [ RunTime:0.000716s ]
INFO: [ app_begin ] --END-- [ RunTime:0.000916s ]
NOTIC: [2] call_user_func() expects parameter 1 to be a valid callback, no array or string given C:\wamp\www\ThinkPHP\Library\Think\Upload.class.php 第 170 行.
NOTIC: [8] Use of undefined constant data - assumed 'data' C:\wamp\www\xcx\Application\Home\Controller\OcrController.class.php 第 20 行.
NOTIC: [8] Use of undefined constant items - assumed 'items' C:\wamp\www\xcx\Application\Home\Controller\OcrController.class.php 第 20 行.
NOTIC: [8] Undefined variable: txt C:\wamp\www\xcx\Application\Home\Controller\OcrController.class.php 第 27 行.
INFO: [ app_end ] --START--
INFO: Run Behavior\ShowPageTraceBehavior [ RunTime:0.000870s ]
INFO: [ app_end ] --END-- [ RunTime:0.001097s ]

[ 2019-04-23T23:06:55+08:00 ] 122.206.190.96 /xcx/home/index/upload
INFO: [ app_init ] --START--
INFO: Run Behavior\BuildLiteBehavior [ RunTime:0.000061s ]
INFO: [ app_init ] --END-- [ RunTime:0.000849s ]
INFO: [ app_begin ] --START--
INFO: Run Behavior\ReadHtmlCacheBehavior [ RunTime:0.000847s ]
INFO: [ app_begin ] --END-- [ RunTime:0.001159s ]
NOTIC: [2] call_user_func() expects parameter 1 to be a valid callback, no array or string given C:\wamp\www\ThinkPHP\Library\Think\Upload.class.php 第 170 行.
NOTIC: [8] Use of undefined constant data - assumed 'data' C:\wamp\www\xcx\Application\Home\Controller\OcrController.class.php 第 20 行.
NOTIC: [8] Use of undefined constant items - assumed 'items' C:\wamp\www\xcx\Application\Home\Controller\OcrController.class.php 第 20 行.
NOTIC: [8] Undefined variable: txt C:\wamp\www\xcx\Application\Home\Controller\OcrController.class.php 第 27 行.
INFO: [ app_end ] --START--
INFO: Run Behavior\ShowPageTraceBehavior [ RunTime:0.000971s ]
INFO: [ app_end ] --END-- [ RunTime:0.001282s ]

[ 2019-04-23T23:06:56+08:00 ] 122.206.190.96 /xcx/home/index/upload
INFO: [ app_init ] --START--
INFO: Run Behavior\BuildLiteBehavior [ RunTime:0.000042s ]
INFO: [ app_init ] --END-- [ RunTime:0.000612s ]
INFO: [ app_begin ] --START--
INFO: Run Behavior\ReadHtmlCacheBehavior [ RunTime:0.000595s ]
INFO: [ app_begin ] --END-- [ RunTime:0.000889s ]
NOTIC: [2] call_user_func() expects parameter 1 to be a valid callback, no array or string given C:\wamp\www\ThinkPHP\Library\Think\Upload.class.php 第 170 行.
NOTIC: [8] Use of undefined constant data - assumed 'data' C:\wamp\www\xcx\Application\Home\Controller\OcrController.class.php 第 20 行.
NOTIC: [8] Use of undefined constant items - assumed 'items' C:\wamp\www\xcx\Application\Home\Controller\OcrController.class.php 第 20 行.
NOTIC: [8] Undefined variable: txt C:\wamp\www\xcx\Application\Home\Controller\OcrController.class.php 第 27 行.
INFO: [ app_end ] --START--
INFO: Run Behavior\ShowPageTraceBehavior [ RunTime:0.000879s ]
INFO: [ app_end ] --END-- [ RunTime:0.001207s ]

[ 2019-04-23T23:07:10+08:00 ] 122.206.190.96 /xcx/home/index/?x=%5B%7B%22name%22%3A%22img%22%2C%22attrs%22%3A%7B%22class%22%3A%22xing-img%22%2C%22style%22%3A%22width%3A%20100%25%22%2C%22src%22%3A%22http%3A%2F%2Ftmp%2Fwxe414a8d62204cc8b.o6zAJs98pZXjv64FHwUFjnATdHS0.Y0khM3tVvy2Zca6f50033525450f4b7d373873ba6fdb.jpg%22%2C%22_height%22%3A0.906%7D%7D%2C%7B%22name%22%3A%22img%22%2C%22attrs%22%3A%7B%22class%22%3A%22xing-img%22%2C%22style%22%3A%22width%3A%20100%25%22%2C%22src%22%3A%22http%3A%2F%2Ftmp%2Fwxe414a8d62204cc8b.o6zAJs98pZXjv64FHwUFjnATdHS0.lOmh09dLaNPQ5082b6b22683ed6da48c3b962f9421b7.png%22%2C%22_height%22%3A1%7D%7D%5D
INFO: [ app_init ] --START--
INFO: Run Behavior\BuildLiteBehavior [ RunTime:0.000078s ]
INFO: [ app_init ] --END-- [ RunTime:0.000858s ]
INFO: [ app_begin ] --START--
INFO: Run Behavior\ReadHtmlCacheBehavior [ RunTime:0.001288s ]
INFO: [ app_begin ] --END-- [ RunTime:0.001802s ]
INFO: [ app_end ] --START--
INFO: Run Behavior\ShowPageTraceBehavior [ RunTime:0.000773s ]
INFO: [ app_end ] --END-- [ RunTime:0.001085s ]

[ 2019-04-23T23:07:10+08:00 ] 122.206.190.96 /xcx/home/index/uploadimg
INFO: [ app_init ] --START--
INFO: Run Behavior\BuildLiteBehavior [ RunTime:0.000075s ]
INFO: [ app_init ] --END-- [ RunTime:0.001083s ]
INFO: [ app_begin ] --START--
INFO: Run Behavior\ReadHtmlCacheBehavior [ RunTime:0.000644s ]
INFO: [ app_begin ] --END-- [ RunTime:0.000869s ]
NOTIC: [2] call_user_func() expects parameter 1 to be a valid callback, no array or string given C:\wamp\www\ThinkPHP\Library\Think\Upload.class.php 第 170 行.
INFO: [ app_end ] --START--
INFO: Run Behavior\ShowPageTraceBehavior [ RunTime:0.000522s ]
INFO: [ app_end ] --END-- [ RunTime:0.000727s ]

[ 2019-04-23T23:07:10+08:00 ] 122.206.190.96 /xcx/home/index/uploadimg
INFO: [ app_init ] --START--
INFO: Run Behavior\BuildLiteBehavior [ RunTime:0.000065s ]
INFO: [ app_init ] --END-- [ RunTime:0.000646s ]
INFO: [ app_begin ] --START--
INFO: Run Behavior\ReadHtmlCacheBehavior [ RunTime:0.000685s ]
INFO: [ app_begin ] --END-- [ RunTime:0.000891s ]
NOTIC: [2] call_user_func() expects parameter 1 to be a valid callback, no array or string given C:\wamp\www\ThinkPHP\Library\Think\Upload.class.php 第 170 行.
INFO: [ app_end ] --START--
INFO: Run Behavior\ShowPageTraceBehavior [ RunTime:0.000693s ]
INFO: [ app_end ] --END-- [ RunTime:0.000901s ]

[ 2019-04-23T23:10:12+08:00 ] 122.206.190.96 /xcx/home/index/uploadimg?x=%5B%7B%22name%22%3A%22img%22%2C%22attrs%22%3A%7B%22class%22%3A%22xing-img%22%2C%22style%22%3A%22width%3A%20100%25%22%2C%22src%22%3A%22http%3A%2F%2Ftmp%2Fwxe414a8d62204cc8b.o6zAJs98pZXjv64FHwUFjnATdHS0.mabwCpAAbFRnca6f50033525450f4b7d373873ba6fdb.jpg%22%2C%22_height%22%3A0.906%7D%7D%2C%7B%22name%22%3A%22img%22%2C%22attrs%22%3A%7B%22class%22%3A%22xing-img%22%2C%22style%22%3A%22width%3A%20100%25%22%2C%22src%22%3A%22http%3A%2F%2Ftmp%2Fwxe414a8d62204cc8b.o6zAJs98pZXjv64FHwUFjnATdHS0.h5YuZR3ivQRR5082b6b22683ed6da48c3b962f9421b7.png%22%2C%22_height%22%3A1%7D%7D%5D
INFO: [ app_init ] --START--
INFO: Run Behavior\BuildLiteBehavior [ RunTime:0.000062s ]
INFO: [ app_init ] --END-- [ RunTime:0.000744s ]
INFO: [ app_begin ] --START--
INFO: Run Behavior\ReadHtmlCacheBehavior [ RunTime:0.000831s ]
INFO: [ app_begin ] --END-- [ RunTime:0.001201s ]
NOTIC: [8] Undefined index: file C:\wamp\www\xcx\Application\Home\Controller\IndexController.class.php 第 122 行.
NOTIC: [8] Undefined index: tmp_name C:\wamp\www\ThinkPHP\Library\Think\Upload.class.php 第 152 行.
NOTIC: [2] finfo_file(): Empty filename or path C:\wamp\www\ThinkPHP\Library\Think\Upload.class.php 第 152 行.
NOTIC: [8] Undefined index: error C:\wamp\www\ThinkPHP\Library\Think\Upload.class.php 第 269 行.
NOTIC: [8] Undefined index: tmp_name C:\wamp\www\ThinkPHP\Library\Think\Upload.class.php 第 280 行.
INFO: [ app_end ] --START--
INFO: Run Behavior\ShowPageTraceBehavior [ RunTime:0.001016s ]
INFO: [ app_end ] --END-- [ RunTime:0.001420s ]

[ 2019-04-23T23:10:12+08:00 ] 122.206.190.96 /xcx/home/index/uploadimg
INFO: [ app_init ] --START--
INFO: Run Behavior\BuildLiteBehavior [ RunTime:0.000060s ]
INFO: [ app_init ] --END-- [ RunTime:0.000726s ]
INFO: [ app_begin ] --START--
INFO: Run Behavior\ReadHtmlCacheBehavior [ RunTime:0.001124s ]
INFO: [ app_begin ] --END-- [ RunTime:0.001429s ]
NOTIC: [2] call_user_func() expects parameter 1 to be a valid callback, no array or string given C:\wamp\www\ThinkPHP\Library\Think\Upload.class.php 第 170 行.
INFO: [ app_end ] --START--
INFO: Run Behavior\ShowPageTraceBehavior [ RunTime:0.000982s ]
INFO: [ app_end ] --END-- [ RunTime:0.001270s ]

[ 2019-04-23T23:10:12+08:00 ] 122.206.190.96 /xcx/home/index/uploadimg
INFO: [ app_init ] --START--
INFO: Run Behavior\BuildLiteBehavior [ RunTime:0.000062s ]
INFO: [ app_init ] --END-- [ RunTime:0.000863s ]
INFO: [ app_begin ] --START--
INFO: Run Behavior\ReadHtmlCacheBehavior [ RunTime:0.000879s ]
INFO: [ app_begin ] --END-- [ RunTime:0.001265s ]
NOTIC: [2] call_user_func() expects parameter 1 to be a valid callback, no array or string given C:\wamp\www\ThinkPHP\Library\Think\Upload.class.php 第 170 行.
INFO: [ app_end ] --START--
INFO: Run Behavior\ShowPageTraceBehavior [ RunTime:0.000888s ]
INFO: [ app_end ] --END-- [ RunTime:0.001198s ]

[ 2019-04-23T23:28:29+08:00 ] 122.206.190.96 /xcx/home/index/uploadimg?x=%5B%7B%22name%22%3A%22img%22%2C%22attrs%22%3A%7B%22class%22%3A%22xing-img%22%2C%22style%22%3A%22width%3A%20100%25%22%2C%22src%22%3A%22http%3A%2F%2Ftmp%2Fwxe414a8d62204cc8b.o6zAJs98pZXjv64FHwUFjnATdHS0.exq9vFHagnvcca6f50033525450f4b7d373873ba6fdb.jpg%22%2C%22_height%22%3A0.906%7D%7D%2C%7B%22name%22%3A%22img%22%2C%22attrs%22%3A%7B%22class%22%3A%22xing-img%22%2C%22style%22%3A%22width%3A%20100%25%22%2C%22src%22%3A%22http%3A%2F%2Ftmp%2Fwxe414a8d62204cc8b.o6zAJs98pZXjv64FHwUFjnATdHS0.st6wZME6KAtw5082b6b22683ed6da48c3b962f9421b7.png%22%2C%22_height%22%3A1%7D%7D%5D
INFO: [ app_init ] --START--
INFO: Run Behavior\BuildLiteBehavior [ RunTime:0.000041s ]
INFO: [ app_init ] --END-- [ RunTime:0.000532s ]
INFO: [ app_begin ] --START--
INFO: Run Behavior\ReadHtmlCacheBehavior [ RunTime:0.000647s ]
INFO: [ app_begin ] --END-- [ RunTime:0.000880s ]
NOTIC: [8] Undefined index: file C:\wamp\www\xcx\Application\Home\Controller\IndexController.class.php 第 122 行.
NOTIC: [8] Undefined index: tmp_name C:\wamp\www\ThinkPHP\Library\Think\Upload.class.php 第 152 行.
NOTIC: [2] finfo_file(): Empty filename or path C:\wamp\www\ThinkPHP\Library\Think\Upload.class.php 第 152 行.
NOTIC: [8] Undefined index: error C:\wamp\www\ThinkPHP\Library\Think\Upload.class.php 第 269 行.
NOTIC: [8] Undefined index: tmp_name C:\wamp\www\ThinkPHP\Library\Think\Upload.class.php 第 280 行.
INFO: [ app_end ] --START--
INFO: Run Behavior\ShowPageTraceBehavior [ RunTime:0.000570s ]
INFO: [ app_end ] --END-- [ RunTime:0.000835s ]

[ 2019-04-23T23:28:29+08:00 ] 122.206.190.96 /xcx/home/index/uploadimg
INFO: [ app_init ] --START--
INFO: Run Behavior\BuildLiteBehavior [ RunTime:0.000043s ]
INFO: [ app_init ] --END-- [ RunTime:0.000761s ]
INFO: [ app_begin ] --START--
INFO: Run Behavior\ReadHtmlCacheBehavior [ RunTime:0.000619s ]
INFO: [ app_begin ] --END-- [ RunTime:0.000824s ]
NOTIC: [2] call_user_func() expects parameter 1 to be a valid callback, no array or string given C:\wamp\www\ThinkPHP\Library\Think\Upload.class.php 第 170 行.
INFO: [ app_end ] --START--
INFO: Run Behavior\ShowPageTraceBehavior [ RunTime:0.000583s ]
INFO: [ app_end ] --END-- [ RunTime:0.000821s ]

[ 2019-04-23T23:28:29+08:00 ] 122.206.190.96 /xcx/home/index/uploadimg
INFO: [ app_init ] --START--
INFO: Run Behavior\BuildLiteBehavior [ RunTime:0.000062s ]
INFO: [ app_init ] --END-- [ RunTime:0.000872s ]
INFO: [ app_begin ] --START--
INFO: Run Behavior\ReadHtmlCacheBehavior [ RunTime:0.000889s ]
INFO: [ app_begin ] --END-- [ RunTime:0.001187s ]
NOTIC: [2] call_user_func() expects parameter 1 to be a valid callback, no array or string given C:\wamp\www\ThinkPHP\Library\Think\Upload.class.php 第 170 行.
INFO: [ app_end ] --START--
INFO: Run Behavior\ShowPageTraceBehavior [ RunTime:0.000811s ]
INFO: [ app_end ] --END-- [ RunTime:0.001151s ]

[ 2019-04-23T23:28:48+08:00 ] 122.206.190.96 /xcx/home/index/tochange?x=%5B%7B%22name%22%3A%22img%22%2C%22attrs%22%3A%7B%22class%22%3A%22xing-img%22%2C%22style%22%3A%22width%3A%20100%25%22%2C%22src%22%3A%22http%3A%2F%2Ftmp%2Fwxe414a8d62204cc8b.o6zAJs98pZXjv64FHwUFjnATdHS0.HF2vk7YR2zTvca6f50033525450f4b7d373873ba6fdb.jpg%22%2C%22_height%22%3A0.906%7D%7D%2C%7B%22name%22%3A%22img%22%2C%22attrs%22%3A%7B%22class%22%3A%22xing-img%22%2C%22style%22%3A%22width%3A%20100%25%22%2C%22src%22%3A%22http%3A%2F%2Ftmp%2Fwxe414a8d62204cc8b.o6zAJs98pZXjv64FHwUFjnATdHS0.VVv6FXu3Xwkh5082b6b22683ed6da48c3b962f9421b7.png%22%2C%22_height%22%3A1%7D%7D%5D
INFO: [ app_init ] --START--
INFO: Run Behavior\BuildLiteBehavior [ RunTime:0.000068s ]
INFO: [ app_init ] --END-- [ RunTime:0.000991s ]
INFO: [ app_begin ] --START--
INFO: Run Behavior\ReadHtmlCacheBehavior [ RunTime:0.000894s ]
INFO: [ app_begin ] --END-- [ RunTime:0.001208s ]
NOTIC: [2] Invalid argument supplied for foreach() C:\wamp\www\xcx\Application\Home\Controller\IndexController.class.php 第 193 行.
INFO: [ app_end ] --START--
INFO: Run Behavior\ShowPageTraceBehavior [ RunTime:0.000762s ]
INFO: [ app_end ] --END-- [ RunTime:0.001076s ]

[ 2019-04-23T23:28:48+08:00 ] 122.206.190.96 /xcx/home/index/uploadimg
INFO: [ app_init ] --START--
INFO: Run Behavior\BuildLiteBehavior [ RunTime:0.000041s ]
INFO: [ app_init ] --END-- [ RunTime:0.000621s ]
INFO: [ app_begin ] --START--
INFO: Run Behavior\ReadHtmlCacheBehavior [ RunTime:0.000994s ]
INFO: [ app_begin ] --END-- [ RunTime:0.001324s ]
NOTIC: [2] call_user_func() expects parameter 1 to be a valid callback, no array or string given C:\wamp\www\ThinkPHP\Library\Think\Upload.class.php 第 170 行.
INFO: [ app_end ] --START--
INFO: Run Behavior\ShowPageTraceBehavior [ RunTime:0.000602s ]
INFO: [ app_end ] --END-- [ RunTime:0.000820s ]

[ 2019-04-23T23:28:48+08:00 ] 122.206.190.96 /xcx/home/index/uploadimg
INFO: [ app_init ] --START--
INFO: Run Behavior\BuildLiteBehavior [ RunTime:0.000061s ]
INFO: [ app_init ] --END-- [ RunTime:0.000789s ]
INFO: [ app_begin ] --START--
INFO: Run Behavior\ReadHtmlCacheBehavior [ RunTime:0.000902s ]
INFO: [ app_begin ] --END-- [ RunTime:0.001210s ]
NOTIC: [2] call_user_func() expects parameter 1 to be a valid callback, no array or string given C:\wamp\www\ThinkPHP\Library\Think\Upload.class.php 第 170 行.
INFO: [ app_end ] --START--
INFO: Run Behavior\ShowPageTraceBehavior [ RunTime:0.000774s ]
INFO: [ app_end ] --END-- [ RunTime:0.001086s ]

[ 2019-04-23T23:29:29+08:00 ] 122.206.190.96 /xcx/home/index/uploadimg
INFO: [ app_init ] --START--
INFO: Run Behavior\BuildLiteBehavior [ RunTime:0.000045s ]
INFO: [ app_init ] --END-- [ RunTime:0.000602s ]
INFO: [ app_begin ] --START--
INFO: Run Behavior\ReadHtmlCacheBehavior [ RunTime:0.000732s ]
INFO: [ app_begin ] --END-- [ RunTime:0.001016s ]
NOTIC: [2] call_user_func() expects parameter 1 to be a valid callback, no array or string given C:\wamp\www\ThinkPHP\Library\Think\Upload.class.php 第 170 行.
INFO: [ app_end ] --START--
INFO: Run Behavior\ShowPageTraceBehavior [ RunTime:0.000538s ]
INFO: [ app_end ] --END-- [ RunTime:0.000746s ]

[ 2019-04-23T23:29:29+08:00 ] 122.206.190.96 /xcx/home/index/tochange?date=%5B%7B%22name%22%3A%22img%22%2C%22attrs%22%3A%7B%22class%22%3A%22xing-img%22%2C%22style%22%3A%22width%3A%20100%25%22%2C%22src%22%3A%22http%3A%2F%2Ftmp%2Fwxe414a8d62204cc8b.o6zAJs98pZXjv64FHwUFjnATdHS0.aNb16vHKY5UFca6f50033525450f4b7d373873ba6fdb.jpg%22%2C%22_height%22%3A0.906%7D%7D%2C%7B%22name%22%3A%22img%22%2C%22attrs%22%3A%7B%22class%22%3A%22xing-img%22%2C%22style%22%3A%22width%3A%20100%25%22%2C%22src%22%3A%22http%3A%2F%2Ftmp%2Fwxe414a8d62204cc8b.o6zAJs98pZXjv64FHwUFjnATdHS0.XrkXzik9cH745082b6b22683ed6da48c3b962f9421b7.png%22%2C%22_height%22%3A1%7D%7D%5D
INFO: [ app_init ] --START--
INFO: Run Behavior\BuildLiteBehavior [ RunTime:0.000068s ]
INFO: [ app_init ] --END-- [ RunTime:0.001244s ]
INFO: [ app_begin ] --START--
INFO: Run Behavior\ReadHtmlCacheBehavior [ RunTime:0.000670s ]
INFO: [ app_begin ] --END-- [ RunTime:0.000922s ]
NOTIC: [8] Undefined index: file C:\wamp\www\xcx\Application\Home\Controller\IndexController.class.php 第 122 行.
NOTIC: [8] Undefined index: tmp_name C:\wamp\www\ThinkPHP\Library\Think\Upload.class.php 第 152 行.
NOTIC: [2] finfo_file(): Empty filename or path C:\wamp\www\ThinkPHP\Library\Think\Upload.class.php 第 152 行.
NOTIC: [8] Undefined index: error C:\wamp\www\ThinkPHP\Library\Think\Upload.class.php 第 269 行.
NOTIC: [8] Undefined index: tmp_name C:\wamp\www\ThinkPHP\Library\Think\Upload.class.php 第 280 行.
NOTIC: [8] Undefined index: file C:\wamp\www\xcx\Application\Home\Controller\IndexController.class.php 第 122 行.
NOTIC: [8] Undefined index: tmp_name C:\wamp\www\ThinkPHP\Library\Think\Upload.class.php 第 152 行.
NOTIC: [2] finfo_file(): Empty filename or path C:\wamp\www\ThinkPHP\Library\Think\Upload.class.php 第 152 行.
NOTIC: [8] Undefined index: error C:\wamp\www\ThinkPHP\Library\Think\Upload.class.php 第 269 行.
NOTIC: [8] Undefined index: tmp_name C:\wamp\www\ThinkPHP\Library\Think\Upload.class.php 第 280 行.
INFO: [ app_end ] --START--
INFO: Run Behavior\ShowPageTraceBehavior [ RunTime:0.000527s ]
INFO: [ app_end ] --END-- [ RunTime:0.000729s ]

[ 2019-04-23T23:29:29+08:00 ] 122.206.190.96 /xcx/home/index/uploadimg
INFO: [ app_init ] --START--
INFO: Run Behavior\BuildLiteBehavior [ RunTime:0.000042s ]
INFO: [ app_init ] --END-- [ RunTime:0.000584s ]
INFO: [ app_begin ] --START--
INFO: Run Behavior\ReadHtmlCacheBehavior [ RunTime:0.000555s ]
INFO: [ app_begin ] --END-- [ RunTime:0.000781s ]
NOTIC: [2] call_user_func() expects parameter 1 to be a valid callback, no array or string given C:\wamp\www\ThinkPHP\Library\Think\Upload.class.php 第 170 行.
INFO: [ app_end ] --START--
INFO: Run Behavior\ShowPageTraceBehavior [ RunTime:0.000516s ]
INFO: [ app_end ] --END-- [ RunTime:0.000751s ]

[ 2019-04-23T23:30:41+08:00 ] 122.206.190.96 /xcx/home/index/upload
INFO: [ app_init ] --START--
INFO: Run Behavior\BuildLiteBehavior [ RunTime:0.000082s ]
INFO: [ app_init ] --END-- [ RunTime:0.000971s ]
INFO: [ app_begin ] --START--
INFO: Run Behavior\ReadHtmlCacheBehavior [ RunTime:0.000893s ]
INFO: [ app_begin ] --END-- [ RunTime:0.001309s ]
NOTIC: [2] call_user_func() expects parameter 1 to be a valid callback, no array or string given C:\wamp\www\ThinkPHP\Library\Think\Upload.class.php 第 170 行.
NOTIC: [8] Use of undefined constant data - assumed 'data' C:\wamp\www\xcx\Application\Home\Controller\OcrController.class.php 第 20 行.
NOTIC: [8] Use of undefined constant items - assumed 'items' C:\wamp\www\xcx\Application\Home\Controller\OcrController.class.php 第 20 行.
NOTIC: [8] Undefined variable: txt C:\wamp\www\xcx\Application\Home\Controller\OcrController.class.php 第 27 行.
INFO: [ app_end ] --START--
INFO: Run Behavior\ShowPageTraceBehavior [ RunTime:0.000883s ]
INFO: [ app_end ] --END-- [ RunTime:0.001131s ]

[ 2019-04-23T23:30:46+08:00 ] 122.206.190.96 /xcx/home/index/tochange?date=%5B%7B%22name%22%3A%22p%22%2C%22attrs%22%3A%7B%22class%22%3A%22xing-p%22%7D%2C%22children%22%3A%5B%7B%22type%22%3A%22text%22%2C%22text%22%3A%22%22%7D%5D%7D%2C%7B%22name%22%3A%22img%22%2C%22attrs%22%3A%7B%22class%22%3A%22xing-img%22%2C%22style%22%3A%22width%3A%20100%25%22%2C%22src%22%3A%22http%3A%2F%2Ftmp%2Fwxe414a8d62204cc8b.o6zAJs98pZXjv64FHwUFjnATdHS0.NoYtmQqSKbEaca6f50033525450f4b7d373873ba6fdb.jpg%22%2C%22_height%22%3A0.906%7D%7D%2C%7B%22name%22%3A%22img%22%2C%22attrs%22%3A%7B%22class%22%3A%22xing-img%22%2C%22style%22%3A%22width%3A%20100%25%22%2C%22src%22%3A%22http%3A%2F%2Ftmp%2Fwxe414a8d62204cc8b.o6zAJs98pZXjv64FHwUFjnATdHS0.JBsEZfejvd5F5082b6b22683ed6da48c3b962f9421b7.png%22%2C%22_height%22%3A1%7D%7D%5D
INFO: [ app_init ] --START--
INFO: Run Behavior\BuildLiteBehavior [ RunTime:0.000041s ]
INFO: [ app_init ] --END-- [ RunTime:0.000744s ]
INFO: [ app_begin ] --START--
INFO: Run Behavior\ReadHtmlCacheBehavior [ RunTime:0.000822s ]
INFO: [ app_begin ] --END-- [ RunTime:0.001075s ]
INFO: [ app_end ] --START--
INFO: Run Behavior\ShowPageTraceBehavior [ RunTime:0.000669s ]
INFO: [ app_end ] --END-- [ RunTime:0.000894s ]

[ 2019-04-23T23:30:46+08:00 ] 122.206.190.96 /xcx/home/index/uploadimg
INFO: [ app_init ] --START--
INFO: Run Behavior\BuildLiteBehavior [ RunTime:0.000042s ]
INFO: [ app_init ] --END-- [ RunTime:0.000561s ]
INFO: [ app_begin ] --START--
INFO: Run Behavior\ReadHtmlCacheBehavior [ RunTime:0.000606s ]
INFO: [ app_begin ] --END-- [ RunTime:0.000814s ]
NOTIC: [2] call_user_func() expects parameter 1 to be a valid callback, no array or string given C:\wamp\www\ThinkPHP\Library\Think\Upload.class.php 第 170 行.
INFO: [ app_end ] --START--
INFO: Run Behavior\ShowPageTraceBehavior [ RunTime:0.000640s ]
INFO: [ app_end ] --END-- [ RunTime:0.000961s ]

[ 2019-04-23T23:30:46+08:00 ] 122.206.190.96 /xcx/home/index/uploadimg
INFO: [ app_init ] --START--
INFO: Run Behavior\BuildLiteBehavior [ RunTime:0.000051s ]
INFO: [ app_init ] --END-- [ RunTime:0.000676s ]
INFO: [ app_begin ] --START--
INFO: Run Behavior\ReadHtmlCacheBehavior [ RunTime:0.000659s ]
INFO: [ app_begin ] --END-- [ RunTime:0.000964s ]
NOTIC: [2] call_user_func() expects parameter 1 to be a valid callback, no array or string given C:\wamp\www\ThinkPHP\Library\Think\Upload.class.php 第 170 行.
INFO: [ app_end ] --START--
INFO: Run Behavior\ShowPageTraceBehavior [ RunTime:0.000739s ]
INFO: [ app_end ] --END-- [ RunTime:0.001065s ]

[ 2019-04-23T23:32:05+08:00 ] 122.206.190.96 /xcx/home/index/uploadimg
INFO: [ app_init ] --START--
INFO: Run Behavior\BuildLiteBehavior [ RunTime:0.000041s ]
INFO: [ app_init ] --END-- [ RunTime:0.000683s ]
INFO: [ app_begin ] --START--
INFO: Run Behavior\ReadHtmlCacheBehavior [ RunTime:0.000597s ]
INFO: [ app_begin ] --END-- [ RunTime:0.000843s ]
NOTIC: [2] call_user_func() expects parameter 1 to be a valid callback, no array or string given C:\wamp\www\ThinkPHP\Library\Think\Upload.class.php 第 170 行.
INFO: [ app_end ] --START--
INFO: Run Behavior\ShowPageTraceBehavior [ RunTime:0.000581s ]
INFO: [ app_end ] --END-- [ RunTime:0.000801s ]

[ 2019-04-23T23:32:05+08:00 ] 122.206.190.96 /xcx/home/index/tochange?date=%5B%7B%22name%22%3A%22img%22%2C%22attrs%22%3A%7B%22class%22%3A%22xing-img%22%2C%22style%22%3A%22width%3A%20100%25%22%2C%22src%22%3A%22http%3A%2F%2Ftmp%2Fwxe414a8d62204cc8b.o6zAJs98pZXjv64FHwUFjnATdHS0.IaG77gE55OqNca6f50033525450f4b7d373873ba6fdb.jpg%22%2C%22_height%22%3A0.906%7D%7D%2C%7B%22name%22%3A%22img%22%2C%22attrs%22%3A%7B%22class%22%3A%22xing-img%22%2C%22style%22%3A%22width%3A%20100%25%22%2C%22src%22%3A%22http%3A%2F%2Ftmp%2Fwxe414a8d62204cc8b.o6zAJs98pZXjv64FHwUFjnATdHS0.IxjyYkdcKMnz5082b6b22683ed6da48c3b962f9421b7.png%22%2C%22_height%22%3A1%7D%7D%5D
INFO: [ app_init ] --START--
INFO: Run Behavior\BuildLiteBehavior [ RunTime:0.000059s ]
INFO: [ app_init ] --END-- [ RunTime:0.000729s ]
INFO: [ app_begin ] --START--
INFO: Run Behavior\ReadHtmlCacheBehavior [ RunTime:0.000701s ]
INFO: [ app_begin ] --END-- [ RunTime:0.000908s ]
INFO: [ app_end ] --START--
INFO: Run Behavior\ShowPageTraceBehavior [ RunTime:0.000640s ]
INFO: [ app_end ] --END-- [ RunTime:0.000910s ]

[ 2019-04-23T23:32:05+08:00 ] 122.206.190.96 /xcx/home/index/uploadimg
INFO: [ app_init ] --START--
INFO: Run Behavior\BuildLiteBehavior [ RunTime:0.000055s ]
INFO: [ app_init ] --END-- [ RunTime:0.000641s ]
INFO: [ app_begin ] --START--
INFO: Run Behavior\ReadHtmlCacheBehavior [ RunTime:0.000640s ]
INFO: [ app_begin ] --END-- [ RunTime:0.000910s ]
NOTIC: [2] call_user_func() expects parameter 1 to be a valid callback, no array or string given C:\wamp\www\ThinkPHP\Library\Think\Upload.class.php 第 170 行.
INFO: [ app_end ] --START--
INFO: Run Behavior\ShowPageTraceBehavior [ RunTime:0.000606s ]
INFO: [ app_end ] --END-- [ RunTime:0.000817s ]

[ 2019-04-23T23:33:22+08:00 ] 122.206.190.96 /xcx/home/index/tochange?date=%5B%7B%22name%22%3A%22img%22%2C%22attrs%22%3A%7B%22class%22%3A%22xing-img%22%2C%22style%22%3A%22width%3A%20100%25%22%2C%22src%22%3A%22http%3A%2F%2Ftmp%2Fwxe414a8d62204cc8b.o6zAJs98pZXjv64FHwUFjnATdHS0.QC1atMd4gtTOca6f50033525450f4b7d373873ba6fdb.jpg%22%2C%22_height%22%3A0.906%7D%7D%5D
INFO: [ app_init ] --START--
INFO: Run Behavior\BuildLiteBehavior [ RunTime:0.000058s ]
INFO: [ app_init ] --END-- [ RunTime:0.000607s ]
INFO: [ app_begin ] --START--
INFO: Run Behavior\ReadHtmlCacheBehavior [ RunTime:0.000673s ]
INFO: [ app_begin ] --END-- [ RunTime:0.000957s ]
INFO: [ app_end ] --START--
INFO: Run Behavior\ShowPageTraceBehavior [ RunTime:0.000583s ]
INFO: [ app_end ] --END-- [ RunTime:0.000849s ]

[ 2019-04-23T23:33:22+08:00 ] 122.206.190.96 /xcx/home/index/uploadimg
INFO: [ app_init ] --START--
INFO: Run Behavior\BuildLiteBehavior [ RunTime:0.000043s ]
INFO: [ app_init ] --END-- [ RunTime:0.000592s ]
INFO: [ app_begin ] --START--
INFO: Run Behavior\ReadHtmlCacheBehavior [ RunTime:0.000652s ]
INFO: [ app_begin ] --END-- [ RunTime:0.000872s ]
NOTIC: [2] call_user_func() expects parameter 1 to be a valid callback, no array or string given C:\wamp\www\ThinkPHP\Library\Think\Upload.class.php 第 170 行.
INFO: [ app_end ] --START--
INFO: Run Behavior\ShowPageTraceBehavior [ RunTime:0.000878s ]
INFO: [ app_end ] --END-- [ RunTime:0.001286s ]

[ 2019-04-23T23:34:40+08:00 ] 122.206.190.96 /xcx/home/index/tochange?date=%5B%7B%22name%22%3A%22img%22%2C%22attrs%22%3A%7B%22class%22%3A%22xing-img%22%2C%22style%22%3A%22width%3A%20100%25%22%2C%22src%22%3A%22http%3A%2F%2Ftmp%2Fwxe414a8d62204cc8b.o6zAJs98pZXjv64FHwUFjnATdHS0.BEN5eCWczXESca6f50033525450f4b7d373873ba6fdb.jpg%22%2C%22_height%22%3A0.906%7D%7D%2C%7B%22name%22%3A%22img%22%2C%22attrs%22%3A%7B%22class%22%3A%22xing-img%22%2C%22style%22%3A%22width%3A%20100%25%22%2C%22src%22%3A%22http%3A%2F%2Ftmp%2Fwxe414a8d62204cc8b.o6zAJs98pZXjv64FHwUFjnATdHS0.7hU9yH5WtW5ica6f50033525450f4b7d373873ba6fdb.jpg%22%2C%22_height%22%3A0.906%7D%7D%5D
INFO: [ app_init ] --START--
INFO: Run Behavior\BuildLiteBehavior [ RunTime:0.000042s ]
INFO: [ app_init ] --END-- [ RunTime:0.000545s ]
INFO: [ app_begin ] --START--
INFO: Run Behavior\ReadHtmlCacheBehavior [ RunTime:0.000666s ]
INFO: [ app_begin ] --END-- [ RunTime:0.000888s ]
INFO: [ app_end ] --START--
INFO: Run Behavior\ShowPageTraceBehavior [ RunTime:0.000746s ]
INFO: [ app_end ] --END-- [ RunTime:0.001078s ]

[ 2019-04-23T23:34:40+08:00 ] 122.206.190.96 /xcx/home/index/uploadimg
INFO: [ app_init ] --START--
INFO: Run Behavior\BuildLiteBehavior [ RunTime:0.000044s ]
INFO: [ app_init ] --END-- [ RunTime:0.000573s ]
INFO: [ app_begin ] --START--
INFO: Run Behavior\ReadHtmlCacheBehavior [ RunTime:0.000666s ]
INFO: [ app_begin ] --END-- [ RunTime:0.000865s ]
NOTIC: [2] call_user_func() expects parameter 1 to be a valid callback, no array or string given C:\wamp\www\ThinkPHP\Library\Think\Upload.class.php 第 170 行.
INFO: [ app_end ] --START--
INFO: Run Behavior\ShowPageTraceBehavior [ RunTime:0.000659s ]
INFO: [ app_end ] --END-- [ RunTime:0.000954s ]

[ 2019-04-23T23:34:40+08:00 ] 122.206.190.96 /xcx/home/index/uploadimg
INFO: [ app_init ] --START--
INFO: Run Behavior\BuildLiteBehavior [ RunTime:0.000041s ]
INFO: [ app_init ] --END-- [ RunTime:0.000546s ]
INFO: [ app_begin ] --START--
INFO: Run Behavior\ReadHtmlCacheBehavior [ RunTime:0.000629s ]
INFO: [ app_begin ] --END-- [ RunTime:0.000891s ]
NOTIC: [2] call_user_func() expects parameter 1 to be a valid callback, no array or string given C:\wamp\www\ThinkPHP\Library\Think\Upload.class.php 第 170 行.
INFO: [ app_end ] --START--
INFO: Run Behavior\ShowPageTraceBehavior [ RunTime:0.000560s ]
INFO: [ app_end ] --END-- [ RunTime:0.000798s ]

